
Unigraphics NX V1926 / 2D Exchange

Reading part: C:\Users\buguniao\AppData\Local\Temp\bugu9818E3D58sgd.prt


Writing part: C:\Users\buguniao\AppData\Local\Temp\bugu9818E3D58sgc.prt

Elapsed time   :    0 minutes,  0 seconds
Actual CPU Time:    0 minutes,  0 seconds

INFO-
INFO-		Unigraphics Version NX V1926 to AutoCAD 2018
INFO-		
INFO-
INFO-		Running UGTODXF Translator .....
INFO-
INFO-		Start of Translation: Mon Nov 24 15:54:22 2025
INFO-
STATUS-		Converting C:\Users\buguniao\AppData\Local\Temp\bugu9818E3D58sgc.prt
STATUS-
SUMMARY-
SUMMARY-	Summary of Unigraphics Input Entities
SUMMARY-	For Unigraphics File: C:\Users\buguniao\AppData\Local\Temp\bugu9818E3D58sgc.prt
SUMMARY-	------------------------------------------------------------------
SUMMARY-	Entity Type					Count
SUMMARY-	------------------------------------------------------------------
SUMMARY-	Line .....................................:	48
SUMMARY-	Arc ......................................:	20
SUMMARY-	Circle ...................................:	44
SUMMARY-	------------------------------------------------------------------
SUMMARY-	Total ....................................:	112
SUMMARY-	------------------------------------------------------------------
SUMMARY-
STATUS-
INFO-
INFO-		Writing File: C:\Users\buguniao\OneDrive\UPenn\classes\Mechatronic\Final_project\models\assembly_1.dxf
SUMMARY-	Summary of AutoCAD Output Entities
SUMMARY-	------------------------------------------------------------------
SUMMARY-	Entity Type					Count
SUMMARY-	------------------------------------------------------------------
SUMMARY-	Arc ......................................:	20
SUMMARY-	Circle ...................................:	44
SUMMARY-	Line .....................................:	48
SUMMARY-	Layout ...................................:	6
SUMMARY-	------------------------------------------------------------------
SUMMARY-	Total ....................................:	118
SUMMARY-	------------------------------------------------------------------
SUMMARY-
INFO-
INFO-		End of Translation: Mon Nov 24 15:54:22 2025
INFO-		Translation CPU time: 0 m, 0 sINFO-
