UG to STEP
! INFO-     NX STEP AP242 - V1926
! INFO-      
! INFO-     Start of Translation: 19-NOV-2025  3:54:23 AM
! INFO-      
! STATUS-   Converting Part: C:\Users\buguniao\AppData\Local\Temp\bugu1BBC5DD1yu1e.prt
! STATUS-    
! STATUS-   Converting to Output Form (Phase 2 of 3): 19-NOV-2025 3:54:23 AM
! STATUS-    
! INFO-           Summary of STEP Entities 
! INFO-      
! INFO-     Entity Type                                                   Count 
! INFO-     -----------                                                   ------ 
! INFO-     advanced_brep_shape_representation .......................:   1 
! INFO-     advanced_face ............................................:   108 
! INFO-     application_context ......................................:   1 
! INFO-     application_protocol_definition ..........................:   1 
! INFO-     axis2_placement_3d .......................................:   233 
! INFO-     camera_model_d3 ..........................................:   8 
! INFO-     cartesian_point ..........................................:   3323 
! INFO-     circle ...................................................:   108 
! INFO-     closed_shell .............................................:   1 
! INFO-     colour_rgb ...............................................:   1 
! INFO-     cylindrical_surface ......................................:   54 
! INFO-     derived_unit .............................................:   4 
! INFO-     derived_unit_element .....................................:   4 
! INFO-     descriptive_representation_item ..........................:   1 
! INFO-     direction ................................................:   618 
! INFO-     draughting_model .........................................:   9 
! INFO-     edge_curve ...............................................:   276 
! INFO-     edge_loop ................................................:   242 
! INFO-     face_bound ...............................................:   242 
! INFO-     fill_area_style ..........................................:   1 
! INFO-     fill_area_style_colour ...................................:   1 
! INFO-     general_property .........................................:   3 
! INFO-     general_property_association .............................:   3 
! INFO-     geometric_item_specific_usage ............................:   109 
! INFO-     geometric_representation_context_and_global_uncertainty_a :   1 
! INFO-     integer_representation_item ..............................:   3 
! INFO-     length_unit_and_si_unit ..................................:   1 
! INFO-     line .....................................................:   168 
! INFO-     manifold_solid_brep ......................................:   1 
! INFO-     mapped_item ..............................................:   9 
! INFO-     measure_representation_item ..............................:   4 
! INFO-     mechanical_design_and_draughting_relationship ............:   8 
! INFO-     mechanical_design_geometric_presentation_representation ..:   1 
! INFO-     oriented_edge ............................................:   552 
! INFO-     planar_box ...............................................:   8 
! INFO-     plane ....................................................:   54 
! INFO-     plane_angle_unit_and_si_unit .............................:   1 
! INFO-     presentation_style_assignment ............................:   1 
! INFO-     product ..................................................:   1 
! INFO-     product_category .........................................:   1 
! INFO-     product_context ..........................................:   1 
! INFO-     product_definition .......................................:   1 
! INFO-     product_definition_context ...............................:   1 
! INFO-     product_definition_formation_with_specified_source .......:   1 
! INFO-     product_definition_shape .................................:   1 
! INFO-     product_related_product_category .........................:   1 
! INFO-     property_definition ......................................:   114 
! INFO-     property_definition_representation .......................:   114 
! INFO-     representation ...........................................:   114 
! INFO-     representation_map .......................................:   9 
! INFO-     shape_aspect .............................................:   109 
! INFO-     shape_definition_representation ..........................:   1 
! INFO-     shape_representation .....................................:   1 
! INFO-     shape_representation_relationship ........................:   1 
! INFO-     si_unit_and_solid_angle_unit .............................:   1 
! INFO-     styled_item ..............................................:   1 
! INFO-     surface_side_style .......................................:   1 
! INFO-     surface_style_fill_area ..................................:   1 
! INFO-     surface_style_usage ......................................:   1 
! INFO-     uncertainty_measure_with_unit ............................:   1 
! INFO-     vector ...................................................:   168 
! INFO-     vertex_point .............................................:   212 
! INFO-     view_volume ..............................................:   8 
! INFO-                                                                  ------- 
! INFO-     Total                                                         7029 
! INFO-      
! INFO-     End of Translation: 19-NOV-2025  3:54:24 AM
! INFO-      
