
Unigraphics NX V1926 / 2D Exchange

Reading part: C:\Users\buguniao\AppData\Local\Temp\buguC900C64Cxwua.prt


Writing part: C:\Users\buguniao\AppData\Local\Temp\buguC900C64Cxwu9.prt

Elapsed time   :    0 minutes,  0 seconds
Actual CPU Time:    0 minutes,  0 seconds

INFO-
INFO-		Unigraphics Version NX V1926 to AutoCAD 2018
INFO-		
INFO-
INFO-		Running UGTODXF Translator .....
INFO-
INFO-		Start of Translation: Tue Nov 18 19:10:05 2025
INFO-
STATUS-		Converting C:\Users\buguniao\AppData\Local\Temp\buguC900C64Cxwu9.prt
STATUS-
SUMMARY-
SUMMARY-	Summary of Unigraphics Input Entities
SUMMARY-	For Unigraphics File: C:\Users\buguniao\AppData\Local\Temp\buguC900C64Cxwu9.prt
SUMMARY-	------------------------------------------------------------------
SUMMARY-	Entity Type					Count
SUMMARY-	------------------------------------------------------------------
SUMMARY-	Line .....................................:	52
SUMMARY-	Arc ......................................:	12
SUMMARY-	Circle ...................................:	42
SUMMARY-	------------------------------------------------------------------
SUMMARY-	Total ....................................:	106
SUMMARY-	------------------------------------------------------------------
SUMMARY-
STATUS-
INFO-
INFO-		Writing File: C:\Users\buguniao\OneDrive\UPenn\classes\Mechatronic\Final_project\models\lower_base.dxf
SUMMARY-	Summary of AutoCAD Output Entities
SUMMARY-	------------------------------------------------------------------
SUMMARY-	Entity Type					Count
SUMMARY-	------------------------------------------------------------------
SUMMARY-	Arc ......................................:	12
SUMMARY-	Circle ...................................:	42
SUMMARY-	Line .....................................:	52
SUMMARY-	Layout ...................................:	6
SUMMARY-	------------------------------------------------------------------
SUMMARY-	Total ....................................:	112
SUMMARY-	------------------------------------------------------------------
SUMMARY-
INFO-
INFO-		End of Translation: Tue Nov 18 19:10:05 2025
INFO-		Translation CPU time: 0 m, 0 sINFO-
