
Unigraphics NX V1926 / 2D Exchange

Reading part: C:\Users\buguniao\AppData\Local\Temp\buguA0A09E153jxw.prt


Writing part: C:\Users\buguniao\AppData\Local\Temp\buguA0A09E153jxv.prt

Elapsed time   :    0 minutes,  0 seconds
Actual CPU Time:    0 minutes,  0 seconds

INFO-
INFO-		Unigraphics Version NX V1926 to AutoCAD 2004
INFO-		
INFO-
INFO-		Running UGTODXF Translator .....
INFO-
INFO-		Start of Translation: Fri Nov 21 19:15:19 2025
INFO-
STATUS-		Converting C:\Users\buguniao\AppData\Local\Temp\buguA0A09E153jxv.prt
STATUS-
SUMMARY-
SUMMARY-	Summary of Unigraphics Input Entities
SUMMARY-	For Unigraphics File: C:\Users\buguniao\AppData\Local\Temp\buguA0A09E153jxv.prt
SUMMARY-	------------------------------------------------------------------
SUMMARY-	Entity Type					Count
SUMMARY-	------------------------------------------------------------------
SUMMARY-	Line .....................................:	44
SUMMARY-	Arc ......................................:	20
SUMMARY-	Circle ...................................:	40
SUMMARY-	------------------------------------------------------------------
SUMMARY-	Total ....................................:	104
SUMMARY-	------------------------------------------------------------------
SUMMARY-
STATUS-
INFO-
INFO-		Writing File: C:\Users\buguniao\OneDrive\UPenn\classes\Mechatronic\Final_project\models\mid_base.dxf
SUMMARY-	Summary of AutoCAD Output Entities
SUMMARY-	------------------------------------------------------------------
SUMMARY-	Entity Type					Count
SUMMARY-	------------------------------------------------------------------
SUMMARY-	Arc ......................................:	20
SUMMARY-	Circle ...................................:	40
SUMMARY-	Line .....................................:	44
SUMMARY-	Layout ...................................:	6
SUMMARY-	------------------------------------------------------------------
SUMMARY-	Total ....................................:	110
SUMMARY-	------------------------------------------------------------------
SUMMARY-
INFO-
INFO-		End of Translation: Fri Nov 21 19:15:19 2025
INFO-		Translation CPU time: 0 m, 0 sINFO-
