UG to STEP
! INFO-     NX STEP AP203 - V1926
! INFO-      
! INFO-     Start of Translation: 29-NOV-2025  9:55:29 PM
! INFO-      
! STATUS-   Converting Part: C:\Users\buguniao\OneDrive\UPenn\classes\Mechatronic\Final_project\models\thrust_bearing_assembly.prt
! SUMMARY-   
! SUMMARY-  Summary of Unigraphics Part Entities
! SUMMARY-  For Part: C:\Users\buguniao\OneDrive\UPenn\classes\Mechatronic\Final_project\models\thrust_bearing_assembly.prt 
! SUMMARY-  Entities Processed             Count
! SUMMARY-  ------------------             -----
! SUMMARY-  Part Attribute ..............:     1
! SUMMARY-  Font ........................:     1
! SUMMARY-  Color Table .................:     2
! SUMMARY-  Coordinate System ...........:     2
! SUMMARY-  Parameter ...................:     1
! SUMMARY-  Matrix ......................:     1
! SUMMARY-  Component ...................:     4
! SUMMARY-                                 -----
! SUMMARY-  Total                             12
! SUMMARY-   
! SUMMARY-  Summary of Unigraphics Part Entities
! SUMMARY-  For Part: thrust_bearing_base.prt 
! SUMMARY-  Entities Processed             Count
! SUMMARY-  ------------------             -----
! SUMMARY-  Part Attribute ..............:     1
! SUMMARY-  Font ........................:     1
! SUMMARY-  Color Table .................:     2
! SUMMARY-  Coordinate System ...........:     2
! SUMMARY-  Parameter ...................:     1
! SUMMARY-  Matrix ......................:     1
! SUMMARY-  Reference Set ...............:     1
! SUMMARY-  Solid .......................:
! SUMMARY-     Body .....................:     1
! SUMMARY-                                 -----
! SUMMARY-  Total                             10
! SUMMARY-   
! SUMMARY-  Summary of Unigraphics Part Entities
! SUMMARY-  For Part: thrust_bearing_mid_down.prt 
! SUMMARY-  Entities Processed             Count
! SUMMARY-  ------------------             -----
! SUMMARY-  Part Attribute ..............:     1
! SUMMARY-  Font ........................:     1
! SUMMARY-  Color Table .................:     2
! SUMMARY-  Coordinate System ...........:     2
! SUMMARY-  Parameter ...................:     1
! SUMMARY-  Matrix ......................:     1
! SUMMARY-  Reference Set ...............:     1
! SUMMARY-  Solid .......................:
! SUMMARY-     Body .....................:     1
! SUMMARY-                                 -----
! SUMMARY-  Total                             10
! SUMMARY-   
! SUMMARY-  Summary of Unigraphics Part Entities
! SUMMARY-  For Part: thrust_bearing_mid_up.prt 
! SUMMARY-  Entities Processed             Count
! SUMMARY-  ------------------             -----
! SUMMARY-  Part Attribute ..............:     1
! SUMMARY-  Font ........................:     1
! SUMMARY-  Color Table .................:     2
! SUMMARY-  Coordinate System ...........:     2
! SUMMARY-  Parameter ...................:     1
! SUMMARY-  Matrix ......................:     1
! SUMMARY-  Reference Set ...............:     1
! SUMMARY-  Solid .......................:
! SUMMARY-     Body .....................:     1
! SUMMARY-                                 -----
! SUMMARY-  Total                             10
! SUMMARY-   
! SUMMARY-  Summary of Unigraphics Part Entities
! SUMMARY-  For Part: thrust_bearing_top.prt 
! SUMMARY-  Entities Processed             Count
! SUMMARY-  ------------------             -----
! SUMMARY-  Part Attribute ..............:     1
! SUMMARY-  Font ........................:     1
! SUMMARY-  Color Table .................:     2
! SUMMARY-  Coordinate System ...........:     2
! SUMMARY-  Parameter ...................:     1
! SUMMARY-  Matrix ......................:     1
! SUMMARY-  Reference Set ...............:     1
! SUMMARY-  Solid .......................:
! SUMMARY-     Body .....................:     1
! SUMMARY-                                 -----
! SUMMARY-  Total                             10
! STATUS-    
! STATUS-   Converting to Output Form (Phase 2 of 3): 29-NOV-2025 9:55:30 PM
! STATUS-    
! STATUS-    
! STATUS-   Generating UG geometry and placing them in parts
! STATUS-    
! SUMMARY-   
! SUMMARY-    STEP Header Information
! SUMMARY-   
! SUMMARY-  Description      Unknown
! SUMMARY-  Imp_Level        1
! SUMMARY-  File_Name        thrust_bearing_assembly.stp
! SUMMARY-  Date             2025-11-29T21:55:30-05:00
! SUMMARY-  Author           Unknown
! SUMMARY-  Organization     Unknown
! SUMMARY-  Pre_Version      ST-DEVELOPER v16.7
! SUMMARY-  Orig_System      SIEMENS PLM Software NX 1926
! SUMMARY-  Authorization    Unknown
! SUMMARY-  Schema_ID        step_merged_cad_schema
! SUMMARY-   
! SUMMARY-    Summary of STEP Entities
! SUMMARY-   
! SUMMARY-  Entity Type                                                   Count
! SUMMARY-  -----------                                                   ------
! SUMMARY-  advanced_face ..............................................:     52
! SUMMARY-  application_context ........................................:      1
! SUMMARY-  approval ...................................................:     19
! SUMMARY-  approval_date_time .........................................:     19
! SUMMARY-  approval_person_organization ...............................:     19
! SUMMARY-  approval_role ..............................................:     19
! SUMMARY-  approval_status ............................................:     19
! SUMMARY-  axis2_placement_3d .........................................:    113
! SUMMARY-  calendar_date ..............................................:     19
! SUMMARY-  cartesian_point ............................................:    169
! SUMMARY-  circle .....................................................:     56
! SUMMARY-  closed_shell ...............................................:      4
! SUMMARY-  conical_surface ............................................:     16
! SUMMARY-  context_dependent_shape_representation .....................:      4
! SUMMARY-  conversion_based_unit_and_plane_angle_unit .................:      1
! SUMMARY-  coordinated_universal_time_offset ..........................:     19
! SUMMARY-  cylindrical_surface ........................................:     18
! SUMMARY-  date_and_time ..............................................:     19
! SUMMARY-  dimensional_exponents ......................................:      1
! SUMMARY-  direction ..................................................:    226
! SUMMARY-  edge_curve .................................................:     56
! SUMMARY-  edge_loop ..................................................:    112
! SUMMARY-  face_bound .................................................:    108
! SUMMARY-  face_outer_bound ...........................................:      4
! SUMMARY-  geometric_representation_context_and_global_uncertainty_a ..:      5
! SUMMARY-  item_defined_transformation ................................:      4
! SUMMARY-  length_unit_and_si_unit ....................................:      1
! SUMMARY-  local_time .................................................:     19
! SUMMARY-  manifold_solid_brep ........................................:      4
! SUMMARY-  next_assembly_usage_occurrence .............................:      4
! SUMMARY-  organization ...............................................:     19
! SUMMARY-  oriented_edge ..............................................:    112
! SUMMARY-  person .....................................................:      1
! SUMMARY-  person_and_organization ....................................:     19
! SUMMARY-  plane ......................................................:     18
! SUMMARY-  plane_angle_measure_with_unit ..............................:      1
! SUMMARY-  plane_angle_unit_and_si_unit ...............................:      1
! SUMMARY-  product ....................................................:      5
! SUMMARY-  product_context ............................................:      5
! SUMMARY-  product_definition .........................................:      5
! SUMMARY-  product_definition_context .................................:      5
! SUMMARY-  product_definition_formation_with_specified_source .........:      5
! SUMMARY-  product_definition_shape ...................................:      9
! SUMMARY-  product_related_product_category ...........................:      5
! SUMMARY-  representation_relationship_with_transformation_and_shape ..:      4
! SUMMARY-  shape_representation .......................................:      5
! SUMMARY-  si_unit_and_solid_angle_unit ...............................:      1
! SUMMARY-  uncertainty_measure_with_unit ..............................:      5
! SUMMARY-  vertex_point ...............................................:     56
! SUMMARY-                                                               -------
! SUMMARY-  Total                                                           1411
! WARNING-  Convergent/Facet bodies are not processed.
! INFO-      
! INFO-     User interface/default file
! INFO-     Bspline aprx. value in effect for this translation : 2.540000e-02 mm
! INFO-      
! INFO-     Total number of solids input for this translation  :       4
! INFO-      
! INFO-     Number of solids processed without problems        :       4
! INFO-      
! INFO-     Number of solids with problems output as sheets    :       0
! INFO-      
! INFO-     Number of solids not processed                     :       0
! INFO-      
! INFO-     End of Translation: 29-NOV-2025  9:55:30 PM
! INFO-      
UG to STEP
! INFO-     NX STEP AP203 - V1926
! INFO-      
! INFO-     Start of Translation: 30-NOV-2025  2:54:30 PM
! INFO-      
! STATUS-   Converting Part: C:\Users\buguniao\OneDrive\UPenn\classes\Mechatronic\Final_project\models\thrust_bearing_assembly.prt
! SUMMARY-   
! SUMMARY-  Summary of Unigraphics Part Entities
! SUMMARY-  For Part: C:\Users\buguniao\OneDrive\UPenn\classes\Mechatronic\Final_project\models\thrust_bearing_assembly.prt 
! SUMMARY-  Entities Processed             Count
! SUMMARY-  ------------------             -----
! SUMMARY-  Part Attribute ..............:     1
! SUMMARY-  Font ........................:     1
! SUMMARY-  Color Table .................:     2
! SUMMARY-  Coordinate System ...........:     2
! SUMMARY-  Parameter ...................:     1
! SUMMARY-  Matrix ......................:     1
! SUMMARY-  Component ...................:     4
! SUMMARY-                                 -----
! SUMMARY-  Total                             12
! SUMMARY-   
! SUMMARY-  Summary of Unigraphics Part Entities
! SUMMARY-  For Part: thrust_bearing_base.prt 
! SUMMARY-  Entities Processed             Count
! SUMMARY-  ------------------             -----
! SUMMARY-  Part Attribute ..............:     1
! SUMMARY-  Font ........................:     1
! SUMMARY-  Color Table .................:     2
! SUMMARY-  Coordinate System ...........:     2
! SUMMARY-  Parameter ...................:     1
! SUMMARY-  Matrix ......................:     1
! SUMMARY-  Reference Set ...............:     1
! SUMMARY-  Solid .......................:
! SUMMARY-     Body .....................:     1
! SUMMARY-                                 -----
! SUMMARY-  Total                             10
! SUMMARY-   
! SUMMARY-  Summary of Unigraphics Part Entities
! SUMMARY-  For Part: thrust_bearing_mid_down.prt 
! SUMMARY-  Entities Processed             Count
! SUMMARY-  ------------------             -----
! SUMMARY-  Part Attribute ..............:     1
! SUMMARY-  Font ........................:     1
! SUMMARY-  Color Table .................:     2
! SUMMARY-  Coordinate System ...........:     2
! SUMMARY-  Parameter ...................:     1
! SUMMARY-  Matrix ......................:     1
! SUMMARY-  Reference Set ...............:     1
! SUMMARY-  Solid .......................:
! SUMMARY-     Body .....................:     1
! SUMMARY-                                 -----
! SUMMARY-  Total                             10
! SUMMARY-   
! SUMMARY-  Summary of Unigraphics Part Entities
! SUMMARY-  For Part: thrust_bearing_mid_up.prt 
! SUMMARY-  Entities Processed             Count
! SUMMARY-  ------------------             -----
! SUMMARY-  Part Attribute ..............:     1
! SUMMARY-  Font ........................:     1
! SUMMARY-  Color Table .................:     2
! SUMMARY-  Coordinate System ...........:     2
! SUMMARY-  Parameter ...................:     1
! SUMMARY-  Matrix ......................:     1
! SUMMARY-  Reference Set ...............:     1
! SUMMARY-  Solid .......................:
! SUMMARY-     Body .....................:     1
! SUMMARY-                                 -----
! SUMMARY-  Total                             10
! SUMMARY-   
! SUMMARY-  Summary of Unigraphics Part Entities
! SUMMARY-  For Part: thrust_bearing_top.prt 
! SUMMARY-  Entities Processed             Count
! SUMMARY-  ------------------             -----
! SUMMARY-  Part Attribute ..............:     1
! SUMMARY-  Font ........................:     1
! SUMMARY-  Color Table .................:     2
! SUMMARY-  Coordinate System ...........:     2
! SUMMARY-  Parameter ...................:     1
! SUMMARY-  Matrix ......................:     1
! SUMMARY-  Reference Set ...............:     1
! SUMMARY-  Solid .......................:
! SUMMARY-     Body .....................:     1
! SUMMARY-                                 -----
! SUMMARY-  Total                             10
! STATUS-    
! STATUS-   Converting to Output Form (Phase 2 of 3): 30-NOV-2025 2:54:35 PM
! STATUS-    
! STATUS-    
! STATUS-   Generating UG geometry and placing them in parts
! STATUS-    
! SUMMARY-   
! SUMMARY-    STEP Header Information
! SUMMARY-   
! SUMMARY-  Description      Unknown
! SUMMARY-  Imp_Level        1
! SUMMARY-  File_Name        thrust_bearing_assembly.stp
! SUMMARY-  Date             2025-11-30T14:54:35-05:00
! SUMMARY-  Author           Unknown
! SUMMARY-  Organization     Unknown
! SUMMARY-  Pre_Version      ST-DEVELOPER v16.7
! SUMMARY-  Orig_System      SIEMENS PLM Software NX 1926
! SUMMARY-  Authorization    Unknown
! SUMMARY-  Schema_ID        step_merged_cad_schema
! SUMMARY-   
! SUMMARY-    Summary of STEP Entities
! SUMMARY-   
! SUMMARY-  Entity Type                                                   Count
! SUMMARY-  -----------                                                   ------
! SUMMARY-  advanced_face ..............................................:     52
! SUMMARY-  application_context ........................................:      1
! SUMMARY-  approval ...................................................:     19
! SUMMARY-  approval_date_time .........................................:     19
! SUMMARY-  approval_person_organization ...............................:     19
! SUMMARY-  approval_role ..............................................:     19
! SUMMARY-  approval_status ............................................:     19
! SUMMARY-  axis2_placement_3d .........................................:    113
! SUMMARY-  calendar_date ..............................................:     19
! SUMMARY-  cartesian_point ............................................:    169
! SUMMARY-  circle .....................................................:     56
! SUMMARY-  closed_shell ...............................................:      4
! SUMMARY-  conical_surface ............................................:     16
! SUMMARY-  context_dependent_shape_representation .....................:      4
! SUMMARY-  conversion_based_unit_and_plane_angle_unit .................:      1
! SUMMARY-  coordinated_universal_time_offset ..........................:     19
! SUMMARY-  cylindrical_surface ........................................:     18
! SUMMARY-  date_and_time ..............................................:     19
! SUMMARY-  dimensional_exponents ......................................:      1
! SUMMARY-  direction ..................................................:    226
! SUMMARY-  edge_curve .................................................:     56
! SUMMARY-  edge_loop ..................................................:    112
! SUMMARY-  face_bound .................................................:    108
! SUMMARY-  face_outer_bound ...........................................:      4
! SUMMARY-  geometric_representation_context_and_global_uncertainty_a ..:      5
! SUMMARY-  item_defined_transformation ................................:      4
! SUMMARY-  length_unit_and_si_unit ....................................:      1
! SUMMARY-  local_time .................................................:     19
! SUMMARY-  manifold_solid_brep ........................................:      4
! SUMMARY-  next_assembly_usage_occurrence .............................:      4
! SUMMARY-  organization ...............................................:     19
! SUMMARY-  oriented_edge ..............................................:    112
! SUMMARY-  person .....................................................:      1
! SUMMARY-  person_and_organization ....................................:     19
! SUMMARY-  plane ......................................................:     18
! SUMMARY-  plane_angle_measure_with_unit ..............................:      1
! SUMMARY-  plane_angle_unit_and_si_unit ...............................:      1
! SUMMARY-  product ....................................................:      5
! SUMMARY-  product_context ............................................:      5
! SUMMARY-  product_definition .........................................:      5
! SUMMARY-  product_definition_context .................................:      5
! SUMMARY-  product_definition_formation_with_specified_source .........:      5
! SUMMARY-  product_definition_shape ...................................:      9
! SUMMARY-  product_related_product_category ...........................:      5
! SUMMARY-  representation_relationship_with_transformation_and_shape ..:      4
! SUMMARY-  shape_representation .......................................:      5
! SUMMARY-  si_unit_and_solid_angle_unit ...............................:      1
! SUMMARY-  uncertainty_measure_with_unit ..............................:      5
! SUMMARY-  vertex_point ...............................................:     56
! SUMMARY-                                                               -------
! SUMMARY-  Total                                                           1411
! WARNING-  Convergent/Facet bodies are not processed.
! INFO-      
! INFO-     User interface/default file
! INFO-     Bspline aprx. value in effect for this translation : 2.540000e-02 mm
! INFO-      
! INFO-     Total number of solids input for this translation  :       4
! INFO-      
! INFO-     Number of solids processed without problems        :       4
! INFO-      
! INFO-     Number of solids with problems output as sheets    :       0
! INFO-      
! INFO-     Number of solids not processed                     :       0
! INFO-      
! INFO-     End of Translation: 30-NOV-2025  2:54:35 PM
! INFO-      
